<?xml version="1.0" encoding="UTF-8"?>
<testsuite xmlns:xsi="http://www.w3.org/2001/XMLSchema-instance" xsi:noNamespaceSchemaLocation="https://maven.apache.org/surefire/maven-surefire-plugin/xsd/surefire-test-report.xsd" name="com.example.seckilldemo.SeckillDemoApplicationTests" time="6.657" tests="1" errors="0" skipped="0" failures="0">
  <properties>
    <property name="sun.desktop" value="windows"/>
    <property name="awt.toolkit" value="sun.awt.windows.WToolkit"/>
    <property name="file.encoding.pkg" value="sun.io"/>
    <property name="java.specification.version" value="1.8"/>
    <property name="sun.cpu.isalist" value="amd64"/>
    <property name="sun.jnu.encoding" value="GBK"/>
    <property name="java.class.path" value="D:\idea文件夹\seckill-demo\target\test-classes;D:\idea文件夹\seckill-demo\target\classes;D:\IT\apache-maven-3.8.4\usrlibs\org\springframework\boot\spring-boot-starter-thymeleaf\2.7.4\spring-boot-starter-thymeleaf-2.7.4.jar;D:\IT\apache-maven-3.8.4\usrlibs\org\springframework\boot\spring-boot-starter\2.7.4\spring-boot-starter-2.7.4.jar;D:\IT\apache-maven-3.8.4\usrlibs\org\springframework\boot\spring-boot\2.7.4\spring-boot-2.7.4.jar;D:\IT\apache-maven-3.8.4\usrlibs\org\springframework\boot\spring-boot-starter-logging\2.7.4\spring-boot-starter-logging-2.7.4.jar;D:\IT\apache-maven-3.8.4\usrlibs\ch\qos\logback\logback-classic\1.2.11\logback-classic-1.2.11.jar;D:\IT\apache-maven-3.8.4\usrlibs\ch\qos\logback\logback-core\1.2.11\logback-core-1.2.11.jar;D:\IT\apache-maven-3.8.4\usrlibs\org\apache\logging\log4j\log4j-to-slf4j\2.17.2\log4j-to-slf4j-2.17.2.jar;D:\IT\apache-maven-3.8.4\usrlibs\org\apache\logging\log4j\log4j-api\2.17.2\log4j-api-2.17.2.jar;D:\IT\apache-maven-3.8.4\usrlibs\org\slf4j\jul-to-slf4j\1.7.36\jul-to-slf4j-1.7.36.jar;D:\IT\apache-maven-3.8.4\usrlibs\jakarta\annotation\jakarta.annotation-api\1.3.5\jakarta.annotation-api-1.3.5.jar;D:\IT\apache-maven-3.8.4\usrlibs\org\yaml\snakeyaml\1.30\snakeyaml-1.30.jar;D:\IT\apache-maven-3.8.4\usrlibs\org\thymeleaf\thymeleaf-spring5\3.0.15.RELEASE\thymeleaf-spring5-3.0.15.RELEASE.jar;D:\IT\apache-maven-3.8.4\usrlibs\org\thymeleaf\thymeleaf\3.0.15.RELEASE\thymeleaf-3.0.15.RELEASE.jar;D:\IT\apache-maven-3.8.4\usrlibs\org\attoparser\attoparser\2.0.5.RELEASE\attoparser-2.0.5.RELEASE.jar;D:\IT\apache-maven-3.8.4\usrlibs\org\unbescape\unbescape\1.1.6.RELEASE\unbescape-1.1.6.RELEASE.jar;D:\IT\apache-maven-3.8.4\usrlibs\org\thymeleaf\extras\thymeleaf-extras-java8time\3.0.4.RELEASE\thymeleaf-extras-java8time-3.0.4.RELEASE.jar;D:\IT\apache-maven-3.8.4\usrlibs\org\springframework\boot\spring-boot-starter-web\2.7.4\spring-boot-starter-web-2.7.4.jar;D:\IT\apache-maven-3.8.4\usrlibs\org\springframework\boot\spring-boot-starter-json\2.7.4\spring-boot-starter-json-2.7.4.jar;D:\IT\apache-maven-3.8.4\usrlibs\com\fasterxml\jackson\core\jackson-databind\2.13.4\jackson-databind-2.13.4.jar;D:\IT\apache-maven-3.8.4\usrlibs\com\fasterxml\jackson\core\jackson-annotations\2.13.4\jackson-annotations-2.13.4.jar;D:\IT\apache-maven-3.8.4\usrlibs\com\fasterxml\jackson\core\jackson-core\2.13.4\jackson-core-2.13.4.jar;D:\IT\apache-maven-3.8.4\usrlibs\com\fasterxml\jackson\datatype\jackson-datatype-jdk8\2.13.4\jackson-datatype-jdk8-2.13.4.jar;D:\IT\apache-maven-3.8.4\usrlibs\com\fasterxml\jackson\datatype\jackson-datatype-jsr310\2.13.4\jackson-datatype-jsr310-2.13.4.jar;D:\IT\apache-maven-3.8.4\usrlibs\com\fasterxml\jackson\module\jackson-module-parameter-names\2.13.4\jackson-module-parameter-names-2.13.4.jar;D:\IT\apache-maven-3.8.4\usrlibs\org\springframework\boot\spring-boot-starter-tomcat\2.7.4\spring-boot-starter-tomcat-2.7.4.jar;D:\IT\apache-maven-3.8.4\usrlibs\org\apache\tomcat\embed\tomcat-embed-core\9.0.65\tomcat-embed-core-9.0.65.jar;D:\IT\apache-maven-3.8.4\usrlibs\org\apache\tomcat\embed\tomcat-embed-websocket\9.0.65\tomcat-embed-websocket-9.0.65.jar;D:\IT\apache-maven-3.8.4\usrlibs\org\springframework\spring-web\5.3.23\spring-web-5.3.23.jar;D:\IT\apache-maven-3.8.4\usrlibs\org\springframework\spring-beans\5.3.23\spring-beans-5.3.23.jar;D:\IT\apache-maven-3.8.4\usrlibs\org\springframework\spring-webmvc\5.3.23\spring-webmvc-5.3.23.jar;D:\IT\apache-maven-3.8.4\usrlibs\org\springframework\spring-aop\5.3.23\spring-aop-5.3.23.jar;D:\IT\apache-maven-3.8.4\usrlibs\org\springframework\spring-context\5.3.23\spring-context-5.3.23.jar;D:\IT\apache-maven-3.8.4\usrlibs\org\springframework\spring-expression\5.3.23\spring-expression-5.3.23.jar;D:\IT\apache-maven-3.8.4\usrlibs\com\baomidou\mybatis-plus-boot-starter\3.0.5\mybatis-plus-boot-starter-3.0.5.jar;D:\IT\apache-maven-3.8.4\usrlibs\com\baomidou\mybatis-plus\3.0.5\mybatis-plus-3.0.5.jar;D:\IT\apache-maven-3.8.4\usrlibs\org\springframework\boot\spring-boot-autoconfigure\2.7.4\spring-boot-autoconfigure-2.7.4.jar;D:\IT\apache-maven-3.8.4\usrlibs\org\springframework\boot\spring-boot-starter-jdbc\2.7.4\spring-boot-starter-jdbc-2.7.4.jar;D:\IT\apache-maven-3.8.4\usrlibs\com\zaxxer\HikariCP\4.0.3\HikariCP-4.0.3.jar;D:\IT\apache-maven-3.8.4\usrlibs\org\springframework\spring-jdbc\5.3.23\spring-jdbc-5.3.23.jar;D:\IT\apache-maven-3.8.4\usrlibs\org\springframework\boot\spring-boot-configuration-processor\2.7.4\spring-boot-configuration-processor-2.7.4.jar;D:\IT\apache-maven-3.8.4\usrlibs\mysql\mysql-connector-java\8.0.30\mysql-connector-java-8.0.30.jar;D:\IT\apache-maven-3.8.4\usrlibs\org\projectlombok\lombok\1.18.24\lombok-1.18.24.jar;D:\IT\apache-maven-3.8.4\usrlibs\org\springframework\boot\spring-boot-starter-test\2.7.4\spring-boot-starter-test-2.7.4.jar;D:\IT\apache-maven-3.8.4\usrlibs\org\springframework\boot\spring-boot-test\2.7.4\spring-boot-test-2.7.4.jar;D:\IT\apache-maven-3.8.4\usrlibs\org\springframework\boot\spring-boot-test-autoconfigure\2.7.4\spring-boot-test-autoconfigure-2.7.4.jar;D:\IT\apache-maven-3.8.4\usrlibs\com\jayway\jsonpath\json-path\2.7.0\json-path-2.7.0.jar;D:\IT\apache-maven-3.8.4\usrlibs\net\minidev\json-smart\2.4.8\json-smart-2.4.8.jar;D:\IT\apache-maven-3.8.4\usrlibs\net\minidev\accessors-smart\2.4.8\accessors-smart-2.4.8.jar;D:\IT\apache-maven-3.8.4\usrlibs\org\ow2\asm\asm\9.1\asm-9.1.jar;D:\IT\apache-maven-3.8.4\usrlibs\jakarta\xml\bind\jakarta.xml.bind-api\2.3.3\jakarta.xml.bind-api-2.3.3.jar;D:\IT\apache-maven-3.8.4\usrlibs\jakarta\activation\jakarta.activation-api\1.2.2\jakarta.activation-api-1.2.2.jar;D:\IT\apache-maven-3.8.4\usrlibs\org\assertj\assertj-core\3.22.0\assertj-core-3.22.0.jar;D:\IT\apache-maven-3.8.4\usrlibs\org\hamcrest\hamcrest\2.2\hamcrest-2.2.jar;D:\IT\apache-maven-3.8.4\usrlibs\org\junit\jupiter\junit-jupiter\5.8.2\junit-jupiter-5.8.2.jar;D:\IT\apache-maven-3.8.4\usrlibs\org\junit\jupiter\junit-jupiter-api\5.8.2\junit-jupiter-api-5.8.2.jar;D:\IT\apache-maven-3.8.4\usrlibs\org\opentest4j\opentest4j\1.2.0\opentest4j-1.2.0.jar;D:\IT\apache-maven-3.8.4\usrlibs\org\junit\platform\junit-platform-commons\1.8.2\junit-platform-commons-1.8.2.jar;D:\IT\apache-maven-3.8.4\usrlibs\org\apiguardian\apiguardian-api\1.1.2\apiguardian-api-1.1.2.jar;D:\IT\apache-maven-3.8.4\usrlibs\org\junit\jupiter\junit-jupiter-params\5.8.2\junit-jupiter-params-5.8.2.jar;D:\IT\apache-maven-3.8.4\usrlibs\org\junit\jupiter\junit-jupiter-engine\5.8.2\junit-jupiter-engine-5.8.2.jar;D:\IT\apache-maven-3.8.4\usrlibs\org\junit\platform\junit-platform-engine\1.8.2\junit-platform-engine-1.8.2.jar;D:\IT\apache-maven-3.8.4\usrlibs\org\mockito\mockito-core\4.5.1\mockito-core-4.5.1.jar;D:\IT\apache-maven-3.8.4\usrlibs\net\bytebuddy\byte-buddy\1.12.17\byte-buddy-1.12.17.jar;D:\IT\apache-maven-3.8.4\usrlibs\net\bytebuddy\byte-buddy-agent\1.12.17\byte-buddy-agent-1.12.17.jar;D:\IT\apache-maven-3.8.4\usrlibs\org\objenesis\objenesis\3.2\objenesis-3.2.jar;D:\IT\apache-maven-3.8.4\usrlibs\org\mockito\mockito-junit-jupiter\4.5.1\mockito-junit-jupiter-4.5.1.jar;D:\IT\apache-maven-3.8.4\usrlibs\org\skyscreamer\jsonassert\1.5.1\jsonassert-1.5.1.jar;D:\IT\apache-maven-3.8.4\usrlibs\com\vaadin\external\google\android-json\0.0.20131108.vaadin1\android-json-0.0.20131108.vaadin1.jar;D:\IT\apache-maven-3.8.4\usrlibs\org\springframework\spring-core\5.3.23\spring-core-5.3.23.jar;D:\IT\apache-maven-3.8.4\usrlibs\org\springframework\spring-jcl\5.3.23\spring-jcl-5.3.23.jar;D:\IT\apache-maven-3.8.4\usrlibs\org\springframework\spring-test\5.3.23\spring-test-5.3.23.jar;D:\IT\apache-maven-3.8.4\usrlibs\org\xmlunit\xmlunit-core\2.9.0\xmlunit-core-2.9.0.jar;D:\IT\apache-maven-3.8.4\usrlibs\commons-codec\commons-codec\1.15\commons-codec-1.15.jar;D:\IT\apache-maven-3.8.4\usrlibs\org\springframework\boot\spring-boot-starter-validation\2.7.4\spring-boot-starter-validation-2.7.4.jar;D:\IT\apache-maven-3.8.4\usrlibs\org\apache\tomcat\embed\tomcat-embed-el\9.0.65\tomcat-embed-el-9.0.65.jar;D:\IT\apache-maven-3.8.4\usrlibs\org\hibernate\validator\hibernate-validator\6.2.5.Final\hibernate-validator-6.2.5.Final.jar;D:\IT\apache-maven-3.8.4\usrlibs\jakarta\validation\jakarta.validation-api\2.0.2\jakarta.validation-api-2.0.2.jar;D:\IT\apache-maven-3.8.4\usrlibs\org\jboss\logging\jboss-logging\3.4.3.Final\jboss-logging-3.4.3.Final.jar;D:\IT\apache-maven-3.8.4\usrlibs\com\fasterxml\classmate\1.5.1\classmate-1.5.1.jar;D:\IT\apache-maven-3.8.4\usrlibs\org\apache\commons\commons-lang3\3.12.0\commons-lang3-3.12.0.jar;D:\IT\apache-maven-3.8.4\usrlibs\junit\junit\4.13.2\junit-4.13.2.jar;D:\IT\apache-maven-3.8.4\usrlibs\org\hamcrest\hamcrest-core\2.2\hamcrest-core-2.2.jar;D:\IT\apache-maven-3.8.4\usrlibs\com\baomidou\mybatis-plus-generator\3.0.5\mybatis-plus-generator-3.0.5.jar;D:\IT\apache-maven-3.8.4\usrlibs\com\baomidou\mybatis-plus-extension\3.0.5\mybatis-plus-extension-3.0.5.jar;D:\IT\apache-maven-3.8.4\usrlibs\com\baomidou\mybatis-plus-core\3.0.5\mybatis-plus-core-3.0.5.jar;D:\IT\apache-maven-3.8.4\usrlibs\com\baomidou\mybatis-plus-annotation\3.0.5\mybatis-plus-annotation-3.0.5.jar;D:\IT\apache-maven-3.8.4\usrlibs\com\github\jsqlparser\jsqlparser\1.2\jsqlparser-1.2.jar;D:\IT\apache-maven-3.8.4\usrlibs\org\mybatis\mybatis-spring\1.3.2\mybatis-spring-1.3.2.jar;D:\IT\apache-maven-3.8.4\usrlibs\org\mybatis\mybatis\3.4.6\mybatis-3.4.6.jar;D:\IT\apache-maven-3.8.4\usrlibs\org\apache\velocity\velocity-engine-core\2.3\velocity-engine-core-2.3.jar;D:\IT\apache-maven-3.8.4\usrlibs\org\slf4j\slf4j-api\1.7.36\slf4j-api-1.7.36.jar;D:\IT\apache-maven-3.8.4\usrlibs\io\swagger\swagger-annotations\1.6.0\swagger-annotations-1.6.0.jar;D:\IT\apache-maven-3.8.4\usrlibs\org\springframework\boot\spring-boot-starter-data-redis\2.7.4\spring-boot-starter-data-redis-2.7.4.jar;D:\IT\apache-maven-3.8.4\usrlibs\org\springframework\data\spring-data-redis\2.7.3\spring-data-redis-2.7.3.jar;D:\IT\apache-maven-3.8.4\usrlibs\org\springframework\data\spring-data-keyvalue\2.7.3\spring-data-keyvalue-2.7.3.jar;D:\IT\apache-maven-3.8.4\usrlibs\org\springframework\data\spring-data-commons\2.7.3\spring-data-commons-2.7.3.jar;D:\IT\apache-maven-3.8.4\usrlibs\org\springframework\spring-tx\5.3.23\spring-tx-5.3.23.jar;D:\IT\apache-maven-3.8.4\usrlibs\org\springframework\spring-oxm\5.3.23\spring-oxm-5.3.23.jar;D:\IT\apache-maven-3.8.4\usrlibs\org\springframework\spring-context-support\5.3.23\spring-context-support-5.3.23.jar;D:\IT\apache-maven-3.8.4\usrlibs\io\lettuce\lettuce-core\6.1.9.RELEASE\lettuce-core-6.1.9.RELEASE.jar;D:\IT\apache-maven-3.8.4\usrlibs\io\netty\netty-common\4.1.82.Final\netty-common-4.1.82.Final.jar;D:\IT\apache-maven-3.8.4\usrlibs\io\netty\netty-handler\4.1.82.Final\netty-handler-4.1.82.Final.jar;D:\IT\apache-maven-3.8.4\usrlibs\io\netty\netty-resolver\4.1.82.Final\netty-resolver-4.1.82.Final.jar;D:\IT\apache-maven-3.8.4\usrlibs\io\netty\netty-buffer\4.1.82.Final\netty-buffer-4.1.82.Final.jar;D:\IT\apache-maven-3.8.4\usrlibs\io\netty\netty-transport-native-unix-common\4.1.82.Final\netty-transport-native-unix-common-4.1.82.Final.jar;D:\IT\apache-maven-3.8.4\usrlibs\io\netty\netty-codec\4.1.82.Final\netty-codec-4.1.82.Final.jar;D:\IT\apache-maven-3.8.4\usrlibs\io\netty\netty-transport\4.1.82.Final\netty-transport-4.1.82.Final.jar;D:\IT\apache-maven-3.8.4\usrlibs\io\projectreactor\reactor-core\3.4.23\reactor-core-3.4.23.jar;D:\IT\apache-maven-3.8.4\usrlibs\org\reactivestreams\reactive-streams\1.0.4\reactive-streams-1.0.4.jar;D:\IT\apache-maven-3.8.4\usrlibs\org\apache\commons\commons-pool2\2.11.1\commons-pool2-2.11.1.jar;"/>
    <property name="java.vm.vendor" value="Amazon.com Inc."/>
    <property name="sun.arch.data.model" value="64"/>
    <property name="user.variant" value=""/>
    <property name="java.vendor.url" value="https://aws.amazon.com/corretto/"/>
    <property name="user.timezone" value="Asia/Shanghai"/>
    <property name="java.vm.specification.version" value="1.8"/>
    <property name="os.name" value="Windows 10"/>
    <property name="user.country" value="CN"/>
    <property name="sun.java.launcher" value="SUN_STANDARD"/>
    <property name="sun.boot.library.path" value="C:\Users\86187\.jdks\corretto-1.8.0_302\jre\bin"/>
    <property name="sun.java.command" value="D:\Temp\surefire5627622378122683099\surefirebooter6210183531339109726.jar D:\Temp\surefire5627622378122683099 2022-10-10T17-48-35_165-jvmRun1 surefire8323903086229073611tmp surefire_01837217477784831876tmp"/>
    <property name="surefire.test.class.path" value="D:\idea文件夹\seckill-demo\target\test-classes;D:\idea文件夹\seckill-demo\target\classes;D:\IT\apache-maven-3.8.4\usrlibs\org\springframework\boot\spring-boot-starter-thymeleaf\2.7.4\spring-boot-starter-thymeleaf-2.7.4.jar;D:\IT\apache-maven-3.8.4\usrlibs\org\springframework\boot\spring-boot-starter\2.7.4\spring-boot-starter-2.7.4.jar;D:\IT\apache-maven-3.8.4\usrlibs\org\springframework\boot\spring-boot\2.7.4\spring-boot-2.7.4.jar;D:\IT\apache-maven-3.8.4\usrlibs\org\springframework\boot\spring-boot-starter-logging\2.7.4\spring-boot-starter-logging-2.7.4.jar;D:\IT\apache-maven-3.8.4\usrlibs\ch\qos\logback\logback-classic\1.2.11\logback-classic-1.2.11.jar;D:\IT\apache-maven-3.8.4\usrlibs\ch\qos\logback\logback-core\1.2.11\logback-core-1.2.11.jar;D:\IT\apache-maven-3.8.4\usrlibs\org\apache\logging\log4j\log4j-to-slf4j\2.17.2\log4j-to-slf4j-2.17.2.jar;D:\IT\apache-maven-3.8.4\usrlibs\org\apache\logging\log4j\log4j-api\2.17.2\log4j-api-2.17.2.jar;D:\IT\apache-maven-3.8.4\usrlibs\org\slf4j\jul-to-slf4j\1.7.36\jul-to-slf4j-1.7.36.jar;D:\IT\apache-maven-3.8.4\usrlibs\jakarta\annotation\jakarta.annotation-api\1.3.5\jakarta.annotation-api-1.3.5.jar;D:\IT\apache-maven-3.8.4\usrlibs\org\yaml\snakeyaml\1.30\snakeyaml-1.30.jar;D:\IT\apache-maven-3.8.4\usrlibs\org\thymeleaf\thymeleaf-spring5\3.0.15.RELEASE\thymeleaf-spring5-3.0.15.RELEASE.jar;D:\IT\apache-maven-3.8.4\usrlibs\org\thymeleaf\thymeleaf\3.0.15.RELEASE\thymeleaf-3.0.15.RELEASE.jar;D:\IT\apache-maven-3.8.4\usrlibs\org\attoparser\attoparser\2.0.5.RELEASE\attoparser-2.0.5.RELEASE.jar;D:\IT\apache-maven-3.8.4\usrlibs\org\unbescape\unbescape\1.1.6.RELEASE\unbescape-1.1.6.RELEASE.jar;D:\IT\apache-maven-3.8.4\usrlibs\org\thymeleaf\extras\thymeleaf-extras-java8time\3.0.4.RELEASE\thymeleaf-extras-java8time-3.0.4.RELEASE.jar;D:\IT\apache-maven-3.8.4\usrlibs\org\springframework\boot\spring-boot-starter-web\2.7.4\spring-boot-starter-web-2.7.4.jar;D:\IT\apache-maven-3.8.4\usrlibs\org\springframework\boot\spring-boot-starter-json\2.7.4\spring-boot-starter-json-2.7.4.jar;D:\IT\apache-maven-3.8.4\usrlibs\com\fasterxml\jackson\core\jackson-databind\2.13.4\jackson-databind-2.13.4.jar;D:\IT\apache-maven-3.8.4\usrlibs\com\fasterxml\jackson\core\jackson-annotations\2.13.4\jackson-annotations-2.13.4.jar;D:\IT\apache-maven-3.8.4\usrlibs\com\fasterxml\jackson\core\jackson-core\2.13.4\jackson-core-2.13.4.jar;D:\IT\apache-maven-3.8.4\usrlibs\com\fasterxml\jackson\datatype\jackson-datatype-jdk8\2.13.4\jackson-datatype-jdk8-2.13.4.jar;D:\IT\apache-maven-3.8.4\usrlibs\com\fasterxml\jackson\datatype\jackson-datatype-jsr310\2.13.4\jackson-datatype-jsr310-2.13.4.jar;D:\IT\apache-maven-3.8.4\usrlibs\com\fasterxml\jackson\module\jackson-module-parameter-names\2.13.4\jackson-module-parameter-names-2.13.4.jar;D:\IT\apache-maven-3.8.4\usrlibs\org\springframework\boot\spring-boot-starter-tomcat\2.7.4\spring-boot-starter-tomcat-2.7.4.jar;D:\IT\apache-maven-3.8.4\usrlibs\org\apache\tomcat\embed\tomcat-embed-core\9.0.65\tomcat-embed-core-9.0.65.jar;D:\IT\apache-maven-3.8.4\usrlibs\org\apache\tomcat\embed\tomcat-embed-websocket\9.0.65\tomcat-embed-websocket-9.0.65.jar;D:\IT\apache-maven-3.8.4\usrlibs\org\springframework\spring-web\5.3.23\spring-web-5.3.23.jar;D:\IT\apache-maven-3.8.4\usrlibs\org\springframework\spring-beans\5.3.23\spring-beans-5.3.23.jar;D:\IT\apache-maven-3.8.4\usrlibs\org\springframework\spring-webmvc\5.3.23\spring-webmvc-5.3.23.jar;D:\IT\apache-maven-3.8.4\usrlibs\org\springframework\spring-aop\5.3.23\spring-aop-5.3.23.jar;D:\IT\apache-maven-3.8.4\usrlibs\org\springframework\spring-context\5.3.23\spring-context-5.3.23.jar;D:\IT\apache-maven-3.8.4\usrlibs\org\springframework\spring-expression\5.3.23\spring-expression-5.3.23.jar;D:\IT\apache-maven-3.8.4\usrlibs\com\baomidou\mybatis-plus-boot-starter\3.0.5\mybatis-plus-boot-starter-3.0.5.jar;D:\IT\apache-maven-3.8.4\usrlibs\com\baomidou\mybatis-plus\3.0.5\mybatis-plus-3.0.5.jar;D:\IT\apache-maven-3.8.4\usrlibs\org\springframework\boot\spring-boot-autoconfigure\2.7.4\spring-boot-autoconfigure-2.7.4.jar;D:\IT\apache-maven-3.8.4\usrlibs\org\springframework\boot\spring-boot-starter-jdbc\2.7.4\spring-boot-starter-jdbc-2.7.4.jar;D:\IT\apache-maven-3.8.4\usrlibs\com\zaxxer\HikariCP\4.0.3\HikariCP-4.0.3.jar;D:\IT\apache-maven-3.8.4\usrlibs\org\springframework\spring-jdbc\5.3.23\spring-jdbc-5.3.23.jar;D:\IT\apache-maven-3.8.4\usrlibs\org\springframework\boot\spring-boot-configuration-processor\2.7.4\spring-boot-configuration-processor-2.7.4.jar;D:\IT\apache-maven-3.8.4\usrlibs\mysql\mysql-connector-java\8.0.30\mysql-connector-java-8.0.30.jar;D:\IT\apache-maven-3.8.4\usrlibs\org\projectlombok\lombok\1.18.24\lombok-1.18.24.jar;D:\IT\apache-maven-3.8.4\usrlibs\org\springframework\boot\spring-boot-starter-test\2.7.4\spring-boot-starter-test-2.7.4.jar;D:\IT\apache-maven-3.8.4\usrlibs\org\springframework\boot\spring-boot-test\2.7.4\spring-boot-test-2.7.4.jar;D:\IT\apache-maven-3.8.4\usrlibs\org\springframework\boot\spring-boot-test-autoconfigure\2.7.4\spring-boot-test-autoconfigure-2.7.4.jar;D:\IT\apache-maven-3.8.4\usrlibs\com\jayway\jsonpath\json-path\2.7.0\json-path-2.7.0.jar;D:\IT\apache-maven-3.8.4\usrlibs\net\minidev\json-smart\2.4.8\json-smart-2.4.8.jar;D:\IT\apache-maven-3.8.4\usrlibs\net\minidev\accessors-smart\2.4.8\accessors-smart-2.4.8.jar;D:\IT\apache-maven-3.8.4\usrlibs\org\ow2\asm\asm\9.1\asm-9.1.jar;D:\IT\apache-maven-3.8.4\usrlibs\jakarta\xml\bind\jakarta.xml.bind-api\2.3.3\jakarta.xml.bind-api-2.3.3.jar;D:\IT\apache-maven-3.8.4\usrlibs\jakarta\activation\jakarta.activation-api\1.2.2\jakarta.activation-api-1.2.2.jar;D:\IT\apache-maven-3.8.4\usrlibs\org\assertj\assertj-core\3.22.0\assertj-core-3.22.0.jar;D:\IT\apache-maven-3.8.4\usrlibs\org\hamcrest\hamcrest\2.2\hamcrest-2.2.jar;D:\IT\apache-maven-3.8.4\usrlibs\org\junit\jupiter\junit-jupiter\5.8.2\junit-jupiter-5.8.2.jar;D:\IT\apache-maven-3.8.4\usrlibs\org\junit\jupiter\junit-jupiter-api\5.8.2\junit-jupiter-api-5.8.2.jar;D:\IT\apache-maven-3.8.4\usrlibs\org\opentest4j\opentest4j\1.2.0\opentest4j-1.2.0.jar;D:\IT\apache-maven-3.8.4\usrlibs\org\junit\platform\junit-platform-commons\1.8.2\junit-platform-commons-1.8.2.jar;D:\IT\apache-maven-3.8.4\usrlibs\org\apiguardian\apiguardian-api\1.1.2\apiguardian-api-1.1.2.jar;D:\IT\apache-maven-3.8.4\usrlibs\org\junit\jupiter\junit-jupiter-params\5.8.2\junit-jupiter-params-5.8.2.jar;D:\IT\apache-maven-3.8.4\usrlibs\org\junit\jupiter\junit-jupiter-engine\5.8.2\junit-jupiter-engine-5.8.2.jar;D:\IT\apache-maven-3.8.4\usrlibs\org\junit\platform\junit-platform-engine\1.8.2\junit-platform-engine-1.8.2.jar;D:\IT\apache-maven-3.8.4\usrlibs\org\mockito\mockito-core\4.5.1\mockito-core-4.5.1.jar;D:\IT\apache-maven-3.8.4\usrlibs\net\bytebuddy\byte-buddy\1.12.17\byte-buddy-1.12.17.jar;D:\IT\apache-maven-3.8.4\usrlibs\net\bytebuddy\byte-buddy-agent\1.12.17\byte-buddy-agent-1.12.17.jar;D:\IT\apache-maven-3.8.4\usrlibs\org\objenesis\objenesis\3.2\objenesis-3.2.jar;D:\IT\apache-maven-3.8.4\usrlibs\org\mockito\mockito-junit-jupiter\4.5.1\mockito-junit-jupiter-4.5.1.jar;D:\IT\apache-maven-3.8.4\usrlibs\org\skyscreamer\jsonassert\1.5.1\jsonassert-1.5.1.jar;D:\IT\apache-maven-3.8.4\usrlibs\com\vaadin\external\google\android-json\0.0.20131108.vaadin1\android-json-0.0.20131108.vaadin1.jar;D:\IT\apache-maven-3.8.4\usrlibs\org\springframework\spring-core\5.3.23\spring-core-5.3.23.jar;D:\IT\apache-maven-3.8.4\usrlibs\org\springframework\spring-jcl\5.3.23\spring-jcl-5.3.23.jar;D:\IT\apache-maven-3.8.4\usrlibs\org\springframework\spring-test\5.3.23\spring-test-5.3.23.jar;D:\IT\apache-maven-3.8.4\usrlibs\org\xmlunit\xmlunit-core\2.9.0\xmlunit-core-2.9.0.jar;D:\IT\apache-maven-3.8.4\usrlibs\commons-codec\commons-codec\1.15\commons-codec-1.15.jar;D:\IT\apache-maven-3.8.4\usrlibs\org\springframework\boot\spring-boot-starter-validation\2.7.4\spring-boot-starter-validation-2.7.4.jar;D:\IT\apache-maven-3.8.4\usrlibs\org\apache\tomcat\embed\tomcat-embed-el\9.0.65\tomcat-embed-el-9.0.65.jar;D:\IT\apache-maven-3.8.4\usrlibs\org\hibernate\validator\hibernate-validator\6.2.5.Final\hibernate-validator-6.2.5.Final.jar;D:\IT\apache-maven-3.8.4\usrlibs\jakarta\validation\jakarta.validation-api\2.0.2\jakarta.validation-api-2.0.2.jar;D:\IT\apache-maven-3.8.4\usrlibs\org\jboss\logging\jboss-logging\3.4.3.Final\jboss-logging-3.4.3.Final.jar;D:\IT\apache-maven-3.8.4\usrlibs\com\fasterxml\classmate\1.5.1\classmate-1.5.1.jar;D:\IT\apache-maven-3.8.4\usrlibs\org\apache\commons\commons-lang3\3.12.0\commons-lang3-3.12.0.jar;D:\IT\apache-maven-3.8.4\usrlibs\junit\junit\4.13.2\junit-4.13.2.jar;D:\IT\apache-maven-3.8.4\usrlibs\org\hamcrest\hamcrest-core\2.2\hamcrest-core-2.2.jar;D:\IT\apache-maven-3.8.4\usrlibs\com\baomidou\mybatis-plus-generator\3.0.5\mybatis-plus-generator-3.0.5.jar;D:\IT\apache-maven-3.8.4\usrlibs\com\baomidou\mybatis-plus-extension\3.0.5\mybatis-plus-extension-3.0.5.jar;D:\IT\apache-maven-3.8.4\usrlibs\com\baomidou\mybatis-plus-core\3.0.5\mybatis-plus-core-3.0.5.jar;D:\IT\apache-maven-3.8.4\usrlibs\com\baomidou\mybatis-plus-annotation\3.0.5\mybatis-plus-annotation-3.0.5.jar;D:\IT\apache-maven-3.8.4\usrlibs\com\github\jsqlparser\jsqlparser\1.2\jsqlparser-1.2.jar;D:\IT\apache-maven-3.8.4\usrlibs\org\mybatis\mybatis-spring\1.3.2\mybatis-spring-1.3.2.jar;D:\IT\apache-maven-3.8.4\usrlibs\org\mybatis\mybatis\3.4.6\mybatis-3.4.6.jar;D:\IT\apache-maven-3.8.4\usrlibs\org\apache\velocity\velocity-engine-core\2.3\velocity-engine-core-2.3.jar;D:\IT\apache-maven-3.8.4\usrlibs\org\slf4j\slf4j-api\1.7.36\slf4j-api-1.7.36.jar;D:\IT\apache-maven-3.8.4\usrlibs\io\swagger\swagger-annotations\1.6.0\swagger-annotations-1.6.0.jar;D:\IT\apache-maven-3.8.4\usrlibs\org\springframework\boot\spring-boot-starter-data-redis\2.7.4\spring-boot-starter-data-redis-2.7.4.jar;D:\IT\apache-maven-3.8.4\usrlibs\org\springframework\data\spring-data-redis\2.7.3\spring-data-redis-2.7.3.jar;D:\IT\apache-maven-3.8.4\usrlibs\org\springframework\data\spring-data-keyvalue\2.7.3\spring-data-keyvalue-2.7.3.jar;D:\IT\apache-maven-3.8.4\usrlibs\org\springframework\data\spring-data-commons\2.7.3\spring-data-commons-2.7.3.jar;D:\IT\apache-maven-3.8.4\usrlibs\org\springframework\spring-tx\5.3.23\spring-tx-5.3.23.jar;D:\IT\apache-maven-3.8.4\usrlibs\org\springframework\spring-oxm\5.3.23\spring-oxm-5.3.23.jar;D:\IT\apache-maven-3.8.4\usrlibs\org\springframework\spring-context-support\5.3.23\spring-context-support-5.3.23.jar;D:\IT\apache-maven-3.8.4\usrlibs\io\lettuce\lettuce-core\6.1.9.RELEASE\lettuce-core-6.1.9.RELEASE.jar;D:\IT\apache-maven-3.8.4\usrlibs\io\netty\netty-common\4.1.82.Final\netty-common-4.1.82.Final.jar;D:\IT\apache-maven-3.8.4\usrlibs\io\netty\netty-handler\4.1.82.Final\netty-handler-4.1.82.Final.jar;D:\IT\apache-maven-3.8.4\usrlibs\io\netty\netty-resolver\4.1.82.Final\netty-resolver-4.1.82.Final.jar;D:\IT\apache-maven-3.8.4\usrlibs\io\netty\netty-buffer\4.1.82.Final\netty-buffer-4.1.82.Final.jar;D:\IT\apache-maven-3.8.4\usrlibs\io\netty\netty-transport-native-unix-common\4.1.82.Final\netty-transport-native-unix-common-4.1.82.Final.jar;D:\IT\apache-maven-3.8.4\usrlibs\io\netty\netty-codec\4.1.82.Final\netty-codec-4.1.82.Final.jar;D:\IT\apache-maven-3.8.4\usrlibs\io\netty\netty-transport\4.1.82.Final\netty-transport-4.1.82.Final.jar;D:\IT\apache-maven-3.8.4\usrlibs\io\projectreactor\reactor-core\3.4.23\reactor-core-3.4.23.jar;D:\IT\apache-maven-3.8.4\usrlibs\org\reactivestreams\reactive-streams\1.0.4\reactive-streams-1.0.4.jar;D:\IT\apache-maven-3.8.4\usrlibs\org\apache\commons\commons-pool2\2.11.1\commons-pool2-2.11.1.jar;"/>
    <property name="sun.cpu.endian" value="little"/>
    <property name="user.home" value="C:\Users\86187"/>
    <property name="user.language" value="zh"/>
    <property name="java.specification.vendor" value="Oracle Corporation"/>
    <property name="java.home" value="C:\Users\86187\.jdks\corretto-1.8.0_302\jre"/>
    <property name="basedir" value="D:\idea文件夹\seckill-demo"/>
    <property name="file.separator" value="\"/>
    <property name="line.separator" value="&#10;"/>
    <property name="java.vm.specification.vendor" value="Oracle Corporation"/>
    <property name="java.specification.name" value="Java Platform API Specification"/>
    <property name="java.awt.graphicsenv" value="sun.awt.Win32GraphicsEnvironment"/>
    <property name="surefire.real.class.path" value="D:\Temp\surefire5627622378122683099\surefirebooter6210183531339109726.jar"/>
    <property name="sun.boot.class.path" value="C:\Users\86187\.jdks\corretto-1.8.0_302\jre\lib\resources.jar;C:\Users\86187\.jdks\corretto-1.8.0_302\jre\lib\rt.jar;C:\Users\86187\.jdks\corretto-1.8.0_302\jre\lib\sunrsasign.jar;C:\Users\86187\.jdks\corretto-1.8.0_302\jre\lib\jsse.jar;C:\Users\86187\.jdks\corretto-1.8.0_302\jre\lib\jce.jar;C:\Users\86187\.jdks\corretto-1.8.0_302\jre\lib\charsets.jar;C:\Users\86187\.jdks\corretto-1.8.0_302\jre\lib\jfr.jar;C:\Users\86187\.jdks\corretto-1.8.0_302\jre\classes"/>
    <property name="user.script" value=""/>
    <property name="sun.management.compiler" value="HotSpot 64-Bit Tiered Compilers"/>
    <property name="java.runtime.version" value="1.8.0_302-b08"/>
    <property name="user.name" value="86187"/>
    <property name="path.separator" value=";"/>
    <property name="os.version" value="10.0"/>
    <property name="java.endorsed.dirs" value="C:\Users\86187\.jdks\corretto-1.8.0_302\jre\lib\endorsed"/>
    <property name="java.runtime.name" value="OpenJDK Runtime Environment"/>
    <property name="file.encoding" value="GBK"/>
    <property name="java.vm.name" value="OpenJDK 64-Bit Server VM"/>
    <property name="localRepository" value="D:\IT\apache-maven-3.8.4\usrlibs"/>
    <property name="java.vendor.url.bug" value="https://github.com/corretto/corretto-8/issues/"/>
    <property name="java.io.tmpdir" value="D:\Temp\"/>
    <property name="idea.version" value="2021.2.3"/>
    <property name="java.version" value="1.8.0_302"/>
    <property name="user.dir" value="D:\idea文件夹\seckill-demo"/>
    <property name="os.arch" value="amd64"/>
    <property name="java.vm.specification.name" value="Java Virtual Machine Specification"/>
    <property name="java.awt.printerjob" value="sun.awt.windows.WPrinterJob"/>
    <property name="sun.os.patch.level" value=""/>
    <property name="java.library.path" value="C:\Users\86187\.jdks\corretto-1.8.0_302\jre\bin;C:\WINDOWS\Sun\Java\bin;C:\WINDOWS\system32;C:\WINDOWS;C:\WINDOWS\system32;C:\WINDOWS;C:\WINDOWS\System32\Wbem;C:\WINDOWS\System32\WindowsPowerShell\v1.0\;D:\IT\apache-maven-3.8.4\bin;$M2_HOME%\bin;C:\Program Files (x86)\NVIDIA Corporation\PhysX\Common;D:\git\Git\cmd;D:\Linux\Xshell\;D:\Linux\Xftp\;C:\Program Files\Common Files\Autodesk Shared\;D:\IT\pythonTool\tesseract;C:\WINDOWS\System32\OpenSSH;C:\Program Files\NVIDIA Corporation\NVIDIA NvDLISR;D:\IT\Nodejs\node_global;D:\IT\Nodejs\;D:\mysql\mysql-8.0.24-winx64\bin;D:\javase16.0.1\bin;C:\Users\86187\AppData\Local\Programs\Python\Python39;D:\VScode\Microsoft VS Code\bin;C:\Users\86187\AppData\Local\Programs\Python\Python39\Scripts;D:\IntelliJ IDEA Community Edition 2021.2.3\bin;;C:\Users\86187\AppData\Local\Microsoft\WindowsApps;D:\IntelliJ IDEA 2021.2.3\bin;;D:\IT\pythonTool\Mongodb\bin;D:\IT\Nodejs\node_global;C:\Users\86187\AppData\Roaming\npm;."/>
    <property name="java.vm.info" value="mixed mode"/>
    <property name="java.vendor" value="Amazon.com Inc."/>
    <property name="java.vm.version" value="25.302-b08"/>
    <property name="java.ext.dirs" value="C:\Users\86187\.jdks\corretto-1.8.0_302\jre\lib\ext;C:\WINDOWS\Sun\Java\lib\ext"/>
    <property name="sun.io.unicode.encoding" value="UnicodeLittle"/>
    <property name="maven.repo.local" value="D:\IT\apache-maven-3.8.4\usrlibs"/>
    <property name="java.class.version" value="52.0"/>
  </properties>
  <testcase name="contextLoads" classname="com.example.seckilldemo.SeckillDemoApplicationTests" time="0.241"/>
</testsuite>